[www.kickstarter.com/discover/advanced7442.html]
[www.kickstarter.com/Uy3R669N/init.js]
[backblue.gif]
[fade.gif]
[index.html]
[a.kickstarter.com/assets/packages/base-39d61b7bd5055c18359e309c04efa298a0a0ed03553a218e65a17f8369303a8c.css]
[a.kickstarter.com/assets/touch-icon-192x192-710ace6840055401ec231c1d86ce7312c56bb510fad8b775229b0ce73d0054c5.png]
[a.kickstarter.com/assets/apple-touch-icon-180x180-precomposed-cb8d6071753a4ee49d130870fa482c5e4377e08d6c2390c528270b28e55bc618.png]
[a.kickstarter.com/assets/apple-touch-icon-152x152-precomposed-835dfbcfe7c0c1c6e342b7273f8874494aa68e61c79cdbdc7457dbde4bbda4f5.png]
[a.kickstarter.com/assets/apple-touch-icon-144x144-precomposed-837aefab84564ef2b515a417aad173842a5be5964c7867cd3fae22ebcfff8c3b.png]
[a.kickstarter.com/assets/apple-touch-icon-120x120-precomposed-68c88886980151463e56905f1eb3c7163f8ed9f855fee07c8d8105adc1fe008c.png]
[a.kickstarter.com/assets/apple-touch-icon-114x114-precomposed-2c1086704b257d537de8836448b43af96a2c2d5030977c595d7509a7f4bb474d.png]
[a.kickstarter.com/assets/apple-touch-icon-76x76-precomposed-5cae25279578c7a61e907f97c74a0288d730cfac60e33f3e9a8c0ed30bbb9d1f.png]
[a.kickstarter.com/assets/apple-touch-icon-72x72-precomposed-67edfa93e14594260506a2cc1472e55ab6ff55230be6c7a19caabadf3f4c371c.png]
[a.kickstarter.com/assets/apple-touch-icon-precomposed-484c89d372de63331349a23f78da45fd0ba2950bd6cde7f8ef91fd957d841f08.png]
[www.kickstarter.com/locale/en.js]
[a.kickstarter.com/assets/modules/recommendations.b0e17f0ec8b85bbfd3c3bb4e5a6bb8ae1f2e31e57615c0f5ac09b38029498e47.js]
[www.google-analytics.com/analytics.js]
[platform.twitter.com/widgets.js]
[a.kickstarter.com/assets/modules/core.3867fdf10eab5d01020cc31ee90ffe18b986cdec3427de1d69e9d2fbda81b298.js]
[a.kickstarter.com/assets/modules/base.002f65c1a2ec4357496f965078c11f819a51c84aff01104175312c041e6d4ed0.js]
[a.kickstarter.com/assets/modules/runtime.d5070c998deb9f6f7af4e98282d432c7914e185e0e21ea1c2734db724a66624e.js]
[a.kickstarter.com/assets/modules/vendor.d0056220cd73d00a844f44b6c9c616acf606cd401848dd8b2dfecaf406a989b0.js]
[a.kickstarter.com/assets/modules/discovery-page.83af9799f8e996d99a1dbd4dd8ccc1c4e86be9fc29e1241687318fc83de8ba7a.js]
[connect.facebook.net/en_US/sdk.js]
[www.kickstarter.com/discover/advanced7442.html]
[a.kickstarter.com/assets/icons/search_icon-65e5b1b09402f2642bde1b545f4fabbea06550c452d1a80083db7855b2b8db84.png]
[a.kickstarter.com/assets/icons/loading-small-a25feb0222a994468bf211976c47036a664ab4d3280c072d19a21d8d8eae8434.gif]
[a.kickstarter.com/assets/library/forms/select-large-error-bg-6cc01c2cde985240e12e4485dce748b757a486a0301a06975f88de0c2731c8ff.png]
[a.kickstarter.com/assets/library/forms/select-large-bg-db8faab4f3d91b7f59986545e7169bc075c544b17a5212c3b66dde79c3748690.png]
[a.kickstarter.com/assets/library/forms/select-large-focus-bg-3a82570ca17ee10bf4e96d0a93e591f4fa00a3bad3ab87450ebcf9723eb4f0b4.png]
[a.kickstarter.com/assets/library/forms/select-arrow-74f44df2c6283696b97945d227cfaaea765317df5b94de6061b720631ec1c216.png]
[a.kickstarter.com/assets/library/forms/select-arrow-focus-ea401a49d95f0e7ccc808e98e171564c26431d0d7417fa3a04bf45ce751656cd.png]
[a.kickstarter.com/assets/payment_sources/icon-cc-valid-ba459707aea3aac6e79ffb1c9c1b3256a1089eefbc1146547f15a3e59e8d57de.png]
[a.kickstarter.com/assets/library/forms/select-arrow-error-05dda5cf28bb523a79b46902444fb36762e1cfd2aa7dd79dfd75bdba2614adf2.png]
[a.kickstarter.com/assets/projects/edit/encoding-placeholder-6f0c9058d16fbe65ec7689efa6c1feb4e8153712474b3e773623932cf8d895fc.png]
[a.kickstarter.com/assets/curated_pages/progress-processing-8e158738cc84efd94d61a82a49eafe67a18728aa1432d4fa52c6b55cb4fb1703.gif]
[a.kickstarter.com/assets/curated_pages/progress-0641059c03de7098548054d7be87d351061f466e8c6a23e75e0301ede795856b.gif]
[a.kickstarter.com/assets/plugins/mobius/missing-1e0cb4816c1338797240e98cd3f1f69e5a5beff259f480caa8fec85427525a3e.png]
[a.kickstarter.com/assets/icons/loading-big-0eef36319f48f7dbe7f5cc63899e6c932d9e000c5cb5d124354f74b21bcd0a87.gif]
[a.kickstarter.com/assets/wymeditor/resize-vertical-f83c1e506445573a484dbd07fd0efb7b0f3eb4d23d03dfb06707057ec489098c.png]
[a.kickstarter.com/assets/projects/button-playvideo-15a1041f3544ca6cc4b4a62aab0adfe37e21343fb760966f1e5bb1d34201d1ed.png]
[a.kickstarter.com/assets/activity/flag_launch_left-79b6ea43678aed9422b10bc8b4fb8f7bbbf6389abbff4e21c51f8cfaabb8afff.png]
[a.kickstarter.com/assets/activity/flag_launch_right-cd4ca81eb41615b95246b2ec764f34ec28767b5ca3c444824daa268b78b8ea7b.png]
[a.kickstarter.com/assets/activity/flag_backing-45c3d43bc822f9fcb9ac5bea5dfbcd16b4264cfd38d28bb6a209eb043b82924e.png]
[a.kickstarter.com/assets/activity/flag_backing_left-b09e8f4e2c45fac5c20ce3de290a90b0ea93261a92f4d267508a30553e0647fb.png]
[a.kickstarter.com/assets/activity/flag_backing_right-ccc2ae18e2ec991036aaea136a5b0e5b4bc7861fc95aa6bb69a33468322c488c.png]
[a.kickstarter.com/assets/misc/pullquote-97f4d5746b22b3a83555c45307714e266f1b87f411862efe9a91184b8e26ac94.gif]
[a.kickstarter.com/assets/icons/admin/survey-9b773b993d5d24aa35a31acaf961301c1ae9817c8a63b0b6d88ac3733478cdcb.png]
[a.kickstarter.com/assets/icons/backer_white-b1c4ae6468db37d31866a201d13c996b28c5f9ad04c392df31d632c3bd88cfe8.png]
[a.kickstarter.com/assets/icons/admin/transaction-204d41c190e6cb4660ecaef493575c333c4e8c27d843ac66f6cc267ef7599b09.png]
[a.kickstarter.com/assets/icons/admin/email-040d4ecd79cc10e1e4cc64e638d1d75fe2130edfbb68a9965d0aa5576ebb4b6b.png]
[a.kickstarter.com/assets/icons/admin/message-2f15dbafcd534b584133b38abb3a6b04236d181c32218e2bd5adcd10c110231b.png]
[a.kickstarter.com/assets/icons/admin/comment-29e887b1155ae3592689e012fb7c7f64354d604886d18b27c74004a0be2fcc7e.png]
[a.kickstarter.com/assets/icons/admin/post-7ef63e2392f3176692006db0bcf7159da7f0244c0b443a04eedd15402cd44f6c.png]
[a.kickstarter.com/assets/tablesorter_asc-d8e961459052dc6a9ca57e587cbd89105322af6b87cb73d1b59f0e8b4ea4bf81.gif]
[a.kickstarter.com/assets/tablesorter_desc-1bf8b7f7affee67f19707d3514c565805efdf2e5801ea6b4186a3bed176e1975.gif]
[a.kickstarter.com/assets/projects/icon-dropdown-62e753650df6e95e812d5da0abd55aceb7e7039856a2bcaa9ad35de660ab07bd.gif]
[ksr-static.imgix.net/d3ce/74358055580f.jpg]
[a.kickstarter.com/assets/country_signups/composite-bg-ad415865ce76418e6a2137679563dc93ba0da9e465db3a6816db10d15d6c8c0b.jpg]
[ksr-static.imgix.net/2ffd/mexico_2596f.jpg]
[ksr-static.imgix.net/1a81/gradient-swatch--entertainment1e45.jpg]
[ksr-static.imgix.net/81d1/C4EC1622B50A-79284169289e.jpg]
[a.kickstarter.com/assets/payment_sources/icon-cc-visa-1431c2739e616da785a215e1c423b27710c6238e23c02ba8e64c97aa6932cb6c.png]
[a.kickstarter.com/assets/payment_sources/icon-cc-mastercard-a40c133521cc4a29632385e31a0ff01d9f917a94f83e3bedaf38d7f39ca57825.png]
[a.kickstarter.com/assets/payment_sources/icon-cc-amex-38e5e2364caea2cccf1fe1167aeb03a4a10266e6aee8aa5bf27ae90ad86fac4a.png]
[a.kickstarter.com/assets/payment_sources/icon-cc-discover-4ac101854c1ed42ec0eb45fe035fc9b0a0e607e02b4c329624b859244098dfea.png]
[a.kickstarter.com/assets/payment_sources/icon-cc-jcb-3b91a684cecd3bcaf6ffd92263a184e2661be202f1f7e983ffd13203f9aa0f57.png]
[a.kickstarter.com/assets/curated_pages/add_project-710f0d7ae27cf47ea3d77e3e8ba9c0502c25866dc4fbfa8528a01a2d5cbc402f.png]
[a.kickstarter.com/assets/curated_pages/dropzone-ac90ac59915675e317a75d36d99f2e34b30acc272fcfb75f0fed2d9de8e915a3.png]
[a.kickstarter.com/assets/watch/bg-2e48d1892088ed9e59b9a541fe547e9f82a451c8e0ccd31a2678839903c8eb06.jpg]
[a.kickstarter.com/assets/play/bg-0b1971e4b23b1aea268e71958923242709cf04ca8ee7bdf0c245a23774ec247a.jpg]
[a.kickstarter.com/assets/help/stats/arrow-0efc2d94b42a5e11552fa0ec574488fb5c06658ab5c2f750e7fb942844c768d1.png]
[ksr-static.imgix.net/c561/jobs-listing-155b7.jpg]
[ksr-static.imgix.net/40ea/jobs-listing-2cc59.jpg]
[ksr-static.imgix.net/7c06/jobs-listing-3d211.jpg]
[ksr-static.imgix.net/6b05/jobs-listing-41dcb.jpg]
[ksr-static.imgix.net/4554/jobs-listing-50ab9.jpg]
[a.kickstarter.com/assets/widgets/k-logo-acc20bd56d146d2c66908ed732bb6de24af6009f5ded3f49c1135fb797c888d0.png]
[a.kickstarter.com/assets/widgets/k-logo@2x-f9586119747b8d628ae3f14698db8b321c6952482ae9bf11df98e0f905ebb7e5.png]
[a.kickstarter.com/assets/header/dropdown-grey-803975235ce6372bc2747de6b465a536a2c66da052fcc8fe6abcf8a411979d44.gif]
[a.kickstarter.com/assets/mobile/scene-background-1638cfd6375ae8f9c404c43449066fa837aafa466a7ebe9c34e815fa6adbae0a.jpg]
[a.kickstarter.com/assets/pledges/new/fieldset_actions-e40ef5a82e1fd37dbe857a0f052897ca5aec7b0736e93c84316b89ba36d336ec.png]
[a.kickstarter.com/assets/pledges/uk_payments_footer-f3c2532b822e180f880e9b4e11b7790a4a8c59689260fc6365e46a05e8de3b57.png]
[a.kickstarter.com/assets/jslider/jslider.round.plastic-4de3d9690cddf1b92d420e9a9b23cd8bbb49aed455a0a72159d9b5fd54c5bbfd.png]
[a.kickstarter.com/assets/icons/ksr-loader-f84198273f0b1bb949afbdfb8183f1219d12964d213c4152ebed2161a6b6d3a9.gif]
[a.kickstarter.com/assets/projects/missing_little-5026395a321074ba5178d8d1e1e445e9f81f56541dbde12bbd1354e38a3b0001.png]
[a.kickstarter.com/assets/projects/edit/icon-status-53f27d0ea8b7da28c7b9de62819194428bf833f6a815c608f70413cb51d18d13.png]
[a.kickstarter.com/assets/misc/mobile-refresh-0ce34dcf00639d81a70250bd4bf988857072f181c8d09fb0cececd4ab18275ec.png]
[a.kickstarter.com/assets/projects/edit/icon-school-c42681dde6b9f05ee31ec604b5fe60d6050b0b17eaca9c4dc0a45e255aadfc8f.png]
[a.kickstarter.com/assets/projects/icon-shipping-a83e3e3e15be55ac6b4e3050bc808b10829ad7e9a2985cfe30aed98c39fc87ad.png]
[a.kickstarter.com/assets/projects/icon-creators-efd7400a170f76ed71f3da5ce7b1dac61a179f42296644bbac544fb58a3b6ac6.gif]
[a.kickstarter.com/assets/projects/learn/confetti-bg-40ba994a0c5e274aed6897d4bb0c928dc0044e811bdde2846d7f40ef9440ce69.jpg]
[a.kickstarter.com/assets/projects/learn/iphone_shadow-2f8b3cdfc51f89c844cc2112bbe383455516b1adb8b7242674b98d70e33b424e.png]
[a.kickstarter.com/assets/projects/learn/end-bg-a747a210c03f839aba12f390b745b7682527f0d3aa31e591d124857a49287272.jpg]
[a.kickstarter.com/assets/help/helptab-e0ada945f479ce0b6c1bf591ba2945a47bacf24606c7130500d55ff7015a556a.png]
[a.kickstarter.com/assets/site/spotlight/standard-time-be6abdff290c71e0bef2ad66987e73fd7e091cd81f52b266da907b4ec2f9374e.jpg]
[a.kickstarter.com/assets/site/spotlight/standards-manual-485d7738aa892e326c8aea32b70cd69be1e3cc1fc500f4ae56088e4dcabca644.jpg]
[a.kickstarter.com/assets/site/spotlight/wasteland-2-639bde5ff6ea8257b0a1efa7373c9f9fedd324c06116542f18dc0bfddcce1c72.jpg]
[a.kickstarter.com/assets/site/spotlight/tar-sands-275115441e648f8360731a8b9b1d15fcb1f14ad122651569f4c2b8d937f8369f.jpg]
[a.kickstarter.com/assets/site/spotlight/mossless-89c6e73e718d36d864d4fd00d2a2b84ed584992aa70ea6f4b24529b740596754.jpg]
[a.kickstarter.com/assets/site/spotlight/electric-objects-e5efa9a951f079009ce39d938970ef9c5c362f881ce22f407d39269131600982.jpg]
[a.kickstarter.com/assets/site/spotlight/othermill-cropped-bfdf6d7ea8ec7e7dabde655518094e45dadbe550fc0084d419dec3d7aa4f5d90.jpg]
[a.kickstarter.com/assets/wymeditor/icon-encoding-video-8b3e7ef4ecb76e8754df842ec8046c57afd6718e8bedf49a5c828f4266ae3483.png]
[a.kickstarter.com/assets/widgets/video-select-size-9c5633cae906d97bdf2ebc95d95cd6f01a279ca39cdb9228066ecd5ddd0fa44e.png]
[a.kickstarter.com/assets/icons/icon-sprite-d4911c05eeb128e2f158fc95cd7f098060c97c49ba35496171dc88e3392e72b3.png]
[a.kickstarter.com/assets/icons/icon-sprite-9be017482c85b682b73fba5cff74a95f80e4549c2d42ed94fa673bead8e1defc.gif]
[ksr-static.imgix.net/o6s444em-AR5A0472_Full_Frameb2a5.jpg]
[ksr-static.imgix.net/AboutPage_1a522.jpg]
[ksr-static.imgix.net/AboutPage_233aa.jpg]
[ksr-static.imgix.net/PressPage_1_hires5404.jpg]
[ksr-static.imgix.net/PressPage_2_hiRes843b.jpg]
[ksr-static.imgix.net/6633/jobs-1f969.jpg]
[ksr-static.imgix.net/3d85/jobs-279e4.jpg]
[ksr-static.imgix.net/1295/jobs-300c0.jpg]
[ksr-static.imgix.net/30b8/jobs-40061.jpg]
[ksr-static.imgix.net/about-still4c1c.jpg]
[a.kickstarter.com/assets/icons/ksr-credit-cards-e515f61b43326d10284f5e9bdc99af6659f54da4b4082698df4983ac31ce40df.png]
[a.kickstarter.com/assets/layouts/footer/transparency-6bee24d445256f28e2b1ce3dbec98393b4e614a03dd148d08093bac31cc74e35.gif]
[a.kickstarter.com/assets/touts/start_a_project-d05215ab0910f54ac09a43bf48362ec0e6525f9a8dffa140cbf736503523804c.jpg]
[use.typekit.net/zac3ziq.css]
[d3mlfyygrfdi2i.cloudfront.net/b130/intro_slide_v2.gif]
[ksr-static.imgix.net/a7af/intro_slide_v21c5c.png]
[ksr-static.imgix.net/Break-KSR_Mouse_Design_-010096.png]
[ksr-static.imgix.net/Break-KSR_Mouse_Design_-028bbb.png]
[ksr-static.imgix.net/Break-KSR_Mouse_Design_-03d17d.png]
[ksr-static.imgix.net/Break-KSR_Mouse_Design_-041b4b.png]
[ksr-static.imgix.net/Break-KSR_Mouse_Design_-053cdd.png]
[ksr-static.imgix.net/Break-KSR_Mouse_Design_-061b87.png]
[ksr-static.imgix.net/sgi40r3h-Break-KSR_Scissor-Reveal-Large_Designe6cf.gif]
[ksr-static.imgix.net/mg9mbrnb-Break-KSR_Scissor-Reveal-Small_Design501b.gif]
[ksr-static.imgix.net/xh8up26s-Break-KSR_Scissor-Reveal_Design_309be.gif]
[a.kickstarter.com/assets/projects/build/funding_calculator-863164583bd2569cd7efab9f9d67218cb436b460f9e71114204cd55445408904.png]
[a.kickstarter.com/assets/projects/build/funding_calculator_background-784f749d5bb551a0cde6effa2ffe63db1bc6e41dced0a4f1288c12263d00fdf2.jpg]
[a.kickstarter.com/assets/projects/creator_bio_background-35f3f6f64506883d46ae97e5fe7e1c806967c971438261552d51a52f90c0361f.png]
[a.kickstarter.com/assets/projects/c2c_badge-d269247fea416df5db283b96d4e210e312b03fd3d6cee4a9b8c63bc957575694.png]
[ksr-static.imgix.net/zmzuleg4-FINAL_Make100_Assets_Homepage_UnfurlModule_DesktopLarge_Design_20191255.gif]
[ksr-static.imgix.net/wutyl6v5-FINAL_Make100_Assets_Homepage_UnfurlModule_Mobile_Design_201966da.gif]
[ksr-static.imgix.net/shjd8yu2-FINAL_Make100_Assets_Homepage_UnfurlModule_Desktop_Design_20196826.gif]
[ksr-static.imgix.net/c51lnrg9-doodle_continue7df0.png]
[ksr-static.imgix.net/social_context_mobile_375-e058ac87813.jpg]
[ksr-static.imgix.net/social_context_795-af11a979d75.png]
[ksr-static.imgix.net/social_context_1024-a9d505d8a9f.png]
[ksr-static.imgix.net/social_context_1366-84c887378f8.png]
[ksr-static.imgix.net/ScissorGraphic_-_Mobile-69217338068.jpg]
[ksr-static.imgix.net/ScissorGraphic_-_Large-c5decd84dea.jpg]
[ksr-static.imgix.net/ScissorGraphic_-_Medium-1c293ff2534.jpg]
[a.kickstarter.com/assets/packages/base-39d61b7bd5055c18359e309c04efa298a0a0ed03553a218e65a17f8369303a8c.css]
[www.kickstarter.com/discover/cdn.siftscience.com/s.html]
[connect.facebook.net/en_US/sdk.js]
[a.kickstarter.com/assets/jslider/jslider-059f32aa9359ed6bf6d1cae7027d5709d14a45025802e52ad5fa5379ac21b506.png]
[use.typekit.net/af/946b62/00000000000000000001787f/27/l3b0e]
[use.typekit.net/af/946b62/00000000000000000001787f/27/d3b0e]
[use.typekit.net/af/946b62/00000000000000000001787f/27/a3b0e]
[use.typekit.net/af/64b320/000000000000000000017880/27/l00e3]
[use.typekit.net/af/64b320/000000000000000000017880/27/d00e3]
[use.typekit.net/af/64b320/000000000000000000017880/27/a00e3]
[use.typekit.net/af/d3769f/000000000000000000017881/27/lc150]
[use.typekit.net/af/d3769f/000000000000000000017881/27/dc150]
[use.typekit.net/af/d3769f/000000000000000000017881/27/ac150]
[use.typekit.net/af/06ea21/000000000000000000017882/27/lca71]
[use.typekit.net/af/06ea21/000000000000000000017882/27/dca71]
[use.typekit.net/zac3ziq.css]
[use.typekit.net/af/06ea21/000000000000000000017882/27/aca71]
[p.typekit.net/p4da6.css]
